
ROM used: 473 (6%)
          473 (6%) including unused fragments

          1 Average locations per line
          3 Average locations per statement

RAM used: 16 (4%) at main() level
          22 (6%) worst case

Stack used: 4 worst case (out of 7 total available)

Lines Stmts  %   Files
----- ----- ---  -----
  168    62  42  bluetooth.c
  312     0   0  C:\Arquivos de programas\PICC\devices\16F877A.h
  198    87  58  LCD_MSS.h
----- -----
  678   149 Total

Page ROM  %  RAM   Vol Diff  Functions:
---- --- --- ---   --- ----  ----------
0     21   4   1             @delay_ms1
0     19   4   3   153  4.3  linha_1_lcd
0     21   4   3   153  4.3  linha_2_lcd
0     25   5   0    67  1.2  configura_lcd
0      6   1   0    21  0.9  inicio_lcd
0      6   1   0    21  0.9  limpa_lcd
0     38   8   2  1043  2.9  caracter_lcd
0     37   8   2  1012  2.9  comando_lcd
 Inline        0   262  2.8  quatro_bit_lcd
0      9   2   0    37  1.3  RDA_isr
0    230  49   0  1673  5.9  MAIN
0      8   2   0             @goto10130

Program metrics:
    Functions               10
    Statements              149
    Comments                282
    Volume (V)              6282
    Difficilty (D)          29.6
    Effort to implement (E) 185780
    Time to implement (T)   2 hours, 52 minutes
    Est Delivered Bugs (B)  1
    Cyclomatic Complexity   9
    Maintainability (MI)    140

 Segment     Used  Free
-----------  ----  ----
00000-00003     4  0  
00004-00034    49  0  
00035-007FF   420  1575  
00800-00FFF     0  2048  
01000-017FF     0  2048  
01800-01FFF     0  2048  



